{"total": {"lines":{"total":199,"covered":186,"skipped":0,"pct":93.46},"statements":{"total":209,"covered":195,"skipped":0,"pct":93.3},"functions":{"total":63,"covered":58,"skipped":0,"pct":92.06},"branches":{"total":150,"covered":123,"skipped":0,"pct":82},"branchesTrue":{"total":0,"covered":0,"skipped":0,"pct":100}}
,"C:\\Users\\nachi\\workspace\\boletrics\\tickets\\src\\lib\\cart-store.ts": {"lines":{"total":20,"covered":20,"skipped":0,"pct":100},"functions":{"total":16,"covered":16,"skipped":0,"pct":100},"statements":{"total":24,"covered":24,"skipped":0,"pct":100},"branches":{"total":10,"covered":9,"skipped":0,"pct":90}}
,"C:\\Users\\nachi\\workspace\\boletrics\\tickets\\src\\lib\\api\\client.ts": {"lines":{"total":50,"covered":40,"skipped":0,"pct":80},"functions":{"total":13,"covered":8,"skipped":0,"pct":61.53},"statements":{"total":51,"covered":40,"skipped":0,"pct":78.43},"branches":{"total":63,"covered":45,"skipped":0,"pct":71.42}}
,"C:\\Users\\nachi\\workspace\\boletrics\\tickets\\src\\lib\\api\\config.ts": {"lines":{"total":4,"covered":4,"skipped":0,"pct":100},"functions":{"total":2,"covered":2,"skipped":0,"pct":100},"statements":{"total":4,"covered":4,"skipped":0,"pct":100},"branches":{"total":6,"covered":6,"skipped":0,"pct":100}}
,"C:\\Users\\nachi\\workspace\\boletrics\\tickets\\src\\lib\\api\\http.ts": {"lines":{"total":15,"covered":14,"skipped":0,"pct":93.33},"functions":{"total":3,"covered":3,"skipped":0,"pct":100},"statements":{"total":16,"covered":15,"skipped":0,"pct":93.75},"branches":{"total":10,"covered":7,"skipped":0,"pct":70}}
,"C:\\Users\\nachi\\workspace\\boletrics\\tickets\\src\\lib\\api\\tasks.ts": {"lines":{"total":23,"covered":23,"skipped":0,"pct":100},"functions":{"total":5,"covered":5,"skipped":0,"pct":100},"statements":{"total":26,"covered":26,"skipped":0,"pct":100},"branches":{"total":16,"covered":15,"skipped":0,"pct":93.75}}
,"C:\\Users\\nachi\\workspace\\boletrics\\tickets\\src\\lib\\auth\\actions.ts": {"lines":{"total":7,"covered":7,"skipped":0,"pct":100},"functions":{"total":2,"covered":2,"skipped":0,"pct":100},"statements":{"total":7,"covered":7,"skipped":0,"pct":100},"branches":{"total":0,"covered":0,"skipped":0,"pct":100}}
,"C:\\Users\\nachi\\workspace\\boletrics\\tickets\\src\\lib\\auth\\authClient.ts": {"lines":{"total":9,"covered":9,"skipped":0,"pct":100},"functions":{"total":1,"covered":1,"skipped":0,"pct":100},"statements":{"total":9,"covered":9,"skipped":0,"pct":100},"branches":{"total":4,"covered":4,"skipped":0,"pct":100}}
,"C:\\Users\\nachi\\workspace\\boletrics\\tickets\\src\\lib\\auth\\config.ts": {"lines":{"total":9,"covered":9,"skipped":0,"pct":100},"functions":{"total":3,"covered":3,"skipped":0,"pct":100},"statements":{"total":9,"covered":9,"skipped":0,"pct":100},"branches":{"total":6,"covered":6,"skipped":0,"pct":100}}
,"C:\\Users\\nachi\\workspace\\boletrics\\tickets\\src\\lib\\auth\\getJwt.ts": {"lines":{"total":13,"covered":13,"skipped":0,"pct":100},"functions":{"total":1,"covered":1,"skipped":0,"pct":100},"statements":{"total":13,"covered":13,"skipped":0,"pct":100},"branches":{"total":8,"covered":8,"skipped":0,"pct":100}}
,"C:\\Users\\nachi\\workspace\\boletrics\\tickets\\src\\lib\\auth\\getServerSession.ts": {"lines":{"total":10,"covered":10,"skipped":0,"pct":100},"functions":{"total":1,"covered":1,"skipped":0,"pct":100},"statements":{"total":11,"covered":11,"skipped":0,"pct":100},"branches":{"total":8,"covered":8,"skipped":0,"pct":100}}
,"C:\\Users\\nachi\\workspace\\boletrics\\tickets\\src\\lib\\auth\\sessionStore.ts": {"lines":{"total":3,"covered":3,"skipped":0,"pct":100},"functions":{"total":2,"covered":2,"skipped":0,"pct":100},"statements":{"total":3,"covered":3,"skipped":0,"pct":100},"branches":{"total":0,"covered":0,"skipped":0,"pct":100}}
,"C:\\Users\\nachi\\workspace\\boletrics\\tickets\\src\\lib\\payments\\conekta.ts": {"lines":{"total":36,"covered":34,"skipped":0,"pct":94.44},"functions":{"total":14,"covered":14,"skipped":0,"pct":100},"statements":{"total":36,"covered":34,"skipped":0,"pct":94.44},"branches":{"total":19,"covered":15,"skipped":0,"pct":78.94}}
}
