TN:
SF:src\lib\cart-store.ts
FN:35,(anonymous_0)
FN:39,(anonymous_1)
FN:41,(anonymous_2)
FN:42,(anonymous_3)
FN:44,(anonymous_4)
FN:60,(anonymous_5)
FN:61,(anonymous_6)
FN:63,(anonymous_7)
FN:68,(anonymous_8)
FN:69,(anonymous_9)
FN:70,(anonymous_10)
FN:77,(anonymous_11)
FN:79,(anonymous_12)
FN:81,(anonymous_13)
FN:84,(anonymous_14)
FN:89,(anonymous_15)
FNF:16
FNH:16
FNDA:1,(anonymous_0)
FNDA:1,(anonymous_1)
FNDA:15,(anonymous_2)
FNDA:15,(anonymous_3)
FNDA:5,(anonymous_4)
FNDA:2,(anonymous_5)
FNDA:2,(anonymous_6)
FNDA:3,(anonymous_7)
FNDA:1,(anonymous_8)
FNDA:1,(anonymous_9)
FNDA:1,(anonymous_10)
FNDA:1,(anonymous_11)
FNDA:5,(anonymous_12)
FNDA:5,(anonymous_13)
FNDA:2,(anonymous_14)
FNDA:1,(anonymous_15)
DA:35,1
DA:39,1
DA:42,15
DA:43,15
DA:45,5
DA:48,15
DA:49,1
DA:50,1
DA:54,1
DA:57,14
DA:61,2
DA:64,3
DA:69,1
DA:71,1
DA:77,1
DA:80,5
DA:81,5
DA:85,2
DA:86,2
DA:90,1
LF:20
LH:20
BRDA:45,0,0,5
BRDA:45,0,1,5
BRDA:48,1,0,1
BRDA:48,1,1,14
BRDA:64,2,0,3
BRDA:64,2,1,3
BRDA:71,3,0,1
BRDA:71,3,1,0
BRDA:71,4,0,1
BRDA:71,4,1,1
BRF:10
BRH:9
end_of_record
TN:
SF:src\lib\api\client.ts
FN:19,(anonymous_0)
FN:29,(anonymous_1)
FN:46,apiFetch
FN:123,(anonymous_3)
FN:147,useApiQuery
FN:166,useApiMutation
FN:176,(anonymous_6)
FN:192,revalidate
FN:198,(anonymous_8)
FN:205,optimisticUpdate
FN:223,buildQueryString
FN:228,(anonymous_11)
FN:250,getAuthToken
FNF:13
FNH:8
FNDA:3,(anonymous_0)
FNDA:2,(anonymous_1)
FNDA:13,apiFetch
FNDA:7,(anonymous_3)
FNDA:8,useApiQuery
FNDA:0,useApiMutation
FNDA:0,(anonymous_6)
FNDA:0,revalidate
FNDA:0,(anonymous_8)
FNDA:0,optimisticUpdate
FNDA:9,buildQueryString
FNDA:19,(anonymous_11)
FNDA:1,getAuthToken
DA:14,3
DA:23,3
DA:24,3
DA:25,3
DA:26,3
DA:30,0
DA:50,13
DA:52,13
DA:58,13
DA:59,12
DA:60,1
DA:64,13
DA:69,1
DA:70,1
DA:73,13
DA:77,13
DA:82,13
DA:83,13
DA:84,13
DA:86,1
DA:87,3
DA:89,3
DA:95,3
DA:106,10
DA:107,9
DA:108,9
DA:113,1
DA:117,9
DA:123,2
DA:124,7
DA:131,2
DA:151,8
DA:157,8
DA:170,0
DA:174,0
DA:177,0
DA:193,0
DA:194,0
DA:195,0
DA:198,0
DA:210,0
DA:211,0
DA:226,9
DA:228,9
DA:229,19
DA:230,17
DA:234,9
DA:235,9
DA:245,2
DA:252,1
LF:50
LH:40
BRDA:48,0,0,13
BRDA:58,1,0,13
BRDA:58,1,1,12
BRDA:59,2,0,1
BRDA:59,2,1,11
BRDA:64,3,0,1
BRDA:64,3,1,12
BRDA:65,4,0,13
BRDA:65,4,1,1
BRDA:65,4,2,1
BRDA:73,5,0,5
BRDA:73,5,1,8
BRDA:82,6,0,13
BRDA:82,6,1,0
BRDA:84,7,0,12
BRDA:84,7,1,1
BRDA:86,8,0,3
BRDA:86,8,1,-2
BRDA:89,9,0,0
BRDA:89,9,1,3
BRDA:89,10,0,3
BRDA:89,10,1,3
BRDA:91,11,0,3
BRDA:91,11,1,0
BRDA:91,12,0,3
BRDA:91,12,1,3
BRDA:98,13,0,3
BRDA:98,13,1,0
BRDA:98,14,0,3
BRDA:98,14,1,3
BRDA:106,15,0,9
BRDA:106,15,1,1
BRDA:106,16,0,10
BRDA:106,16,1,9
BRDA:106,16,2,9
BRDA:108,17,0,1
BRDA:108,17,1,8
BRDA:109,18,0,9
BRDA:109,18,1,2
BRDA:109,18,2,2
BRDA:151,19,0,7
BRDA:151,19,1,1
BRDA:152,20,0,0
BRDA:152,20,1,7
BRDA:168,21,0,0
BRDA:170,22,0,0
BRDA:170,22,1,0
BRDA:193,23,0,0
BRDA:193,23,1,0
BRDA:194,24,0,0
BRDA:194,24,1,0
BRDA:198,25,0,0
BRDA:198,25,1,0
BRDA:208,26,0,0
BRDA:210,27,0,0
BRDA:210,27,1,0
BRDA:229,28,0,17
BRDA:229,28,1,2
BRDA:229,29,0,19
BRDA:229,29,1,18
BRDA:229,29,2,17
BRDA:235,30,0,8
BRDA:235,30,1,1
BRF:63
BRH:45
end_of_record
TN:
SF:src\lib\api\config.ts
FN:14,getTicketsSvcUrl
FN:31,getUpstreamApiBaseUrl
FNF:2
FNH:2
FNDA:15,getTicketsSvcUrl
FNDA:7,getUpstreamApiBaseUrl
DA:6,4
DA:15,15
DA:26,4
DA:32,7
LF:4
LH:4
BRDA:16,0,0,15
BRDA:16,0,1,15
BRDA:16,0,2,15
BRDA:33,1,0,7
BRDA:33,1,1,2
BRDA:33,1,2,1
BRF:6
BRH:6
end_of_record
TN:
SF:src\lib\api\http.ts
FN:6,(anonymous_0)
FN:21,fetchJson
FN:40,(anonymous_2)
FNF:3
FNH:3
FNDA:3,(anonymous_0)
FNDA:16,fetchJson
FNDA:1,(anonymous_2)
DA:2,3
DA:7,3
DA:8,3
DA:9,3
DA:25,16
DA:26,16
DA:30,16
DA:31,0
DA:33,16
DA:38,16
DA:39,16
DA:40,16
DA:42,2
DA:43,3
DA:49,13
LF:15
LH:14
BRDA:25,0,0,16
BRDA:25,0,1,6
BRDA:30,1,0,0
BRDA:30,1,1,16
BRDA:38,2,0,16
BRDA:38,2,1,0
BRDA:40,3,0,14
BRDA:40,3,1,2
BRDA:42,4,0,3
BRDA:42,4,1,-1
BRF:10
BRH:7
end_of_record
TN:
SF:src\lib\api\tasks.ts
FN:17,listTasks
FN:38,createTask
FN:56,readTask
FN:72,updateTask
FN:91,deleteTask
FNF:5
FNH:5
FNDA:2,listTasks
FNDA:2,createTask
FNDA:2,readTask
FNDA:2,updateTask
FNDA:2,deleteTask
DA:24,2
DA:25,2
DA:26,2
DA:27,2
DA:28,2
DA:30,2
DA:35,2
DA:43,2
DA:44,2
DA:46,2
DA:53,2
DA:61,2
DA:62,2
DA:64,2
DA:69,2
DA:78,2
DA:79,2
DA:81,2
DA:88,2
DA:96,2
DA:97,2
DA:99,2
DA:104,2
LF:23
LH:23
BRDA:24,0,0,2
BRDA:24,0,1,0
BRDA:26,1,0,1
BRDA:26,1,1,1
BRDA:27,2,0,1
BRDA:27,2,1,1
BRDA:28,3,0,1
BRDA:28,3,1,1
BRDA:43,4,0,2
BRDA:43,4,1,1
BRDA:61,5,0,2
BRDA:61,5,1,1
BRDA:78,6,0,2
BRDA:78,6,1,1
BRDA:96,7,0,2
BRDA:96,7,1,1
BRF:16
BRH:15
end_of_record
TN:
SF:src\lib\auth\actions.ts
FN:7,logout
FN:13,(anonymous_1)
FNF:2
FNH:2
FNDA:3,logout
FNDA:2,(anonymous_1)
DA:8,3
DA:10,3
DA:11,3
DA:15,2
DA:17,2
DA:23,1
DA:24,1
LF:7
LH:7
BRF:0
BRH:0
end_of_record
TN:
SF:src\lib\auth\authClient.ts
FN:19,getClientJwt
FNF:1
FNH:1
FNDA:4,getClientJwt
DA:5,1
DA:20,4
DA:21,4
DA:22,3
DA:23,2
DA:24,2
DA:26,1
DA:28,1
DA:29,1
LF:9
LH:9
BRDA:22,0,0,2
BRDA:22,0,1,1
BRDA:22,1,0,3
BRDA:22,1,1,2
BRF:4
BRH:4
end_of_record
TN:
SF:src\lib\auth\config.ts
FN:1,(anonymous_0)
FN:8,(anonymous_1)
FN:14,(anonymous_2)
FNF:3
FNH:3
FNDA:3,(anonymous_0)
FNDA:6,(anonymous_1)
FNDA:4,(anonymous_2)
DA:1,2
DA:2,3
DA:8,2
DA:9,6
DA:14,2
DA:15,4
DA:16,4
DA:17,3
DA:19,1
LF:9
LH:9
BRDA:3,0,0,3
BRDA:3,0,1,2
BRDA:10,1,0,6
BRDA:10,1,1,4
BRDA:16,2,0,3
BRDA:16,2,1,1
BRF:6
BRH:6
end_of_record
TN:
SF:src\lib\auth\getJwt.ts
FN:22,getJwt
FNF:1
FNH:1
FNDA:7,getJwt
DA:23,7
DA:24,7
DA:27,7
DA:31,2
DA:34,5
DA:35,5
DA:44,4
DA:45,1
DA:48,1
DA:51,3
DA:52,3
DA:54,1
DA:55,1
LF:13
LH:13
BRDA:27,0,0,2
BRDA:27,0,1,5
BRDA:28,1,0,7
BRDA:28,1,1,2
BRDA:44,2,0,1
BRDA:44,2,1,3
BRDA:52,3,0,3
BRDA:52,3,1,1
BRF:8
BRH:8
end_of_record
TN:
SF:src\lib\auth\getServerSession.ts
FN:5,getServerSession
FNF:1
FNH:1
FNDA:8,getServerSession
DA:6,8
DA:7,8
DA:10,8
DA:11,2
DA:14,6
DA:15,6
DA:26,5
DA:28,4
DA:32,4
DA:36,1
LF:10
LH:10
BRDA:10,0,0,2
BRDA:10,0,1,6
BRDA:26,1,0,1
BRDA:26,1,1,4
BRDA:32,2,0,1
BRDA:32,2,1,3
BRDA:32,3,0,4
BRDA:32,3,1,2
BRF:8
BRH:8
end_of_record
TN:
SF:src\lib\auth\sessionStore.ts
FN:16,setSession
FN:20,clearSession
FNF:2
FNH:2
FNDA:4,setSession
FNDA:1,clearSession
DA:10,1
DA:17,4
DA:21,1
LF:3
LH:3
BRF:0
BRH:0
end_of_record
TN:
SF:src\lib\payments\conekta.ts
FN:138,getApiKey
FN:146,getHeaders
FN:161,conektaRequest
FN:197,createOrder
FN:209,getOrder
FN:216,createCheckout
FN:238,refundOrder
FN:251,cancelOrder
FN:264,verifyWebhookSignature
FN:294,parseWebhookEvent
FN:311,toCents
FN:318,fromCents
FN:325,isPaymentSuccessful
FN:332,getCheckoutUrl
FNF:14
FNH:14
FNDA:6,getApiKey
FNDA:6,getHeaders
FNDA:6,conektaRequest
FNDA:2,createOrder
FNDA:1,getOrder
FNDA:1,createCheckout
FNDA:1,refundOrder
FNDA:1,cancelOrder
FNDA:3,verifyWebhookSignature
FNDA:2,parseWebhookEvent
FNDA:3,toCents
FNDA:3,fromCents
FNDA:2,isPaymentSuccessful
FNDA:1,getCheckoutUrl
DA:135,1
DA:136,1
DA:139,6
DA:140,6
DA:141,0
DA:143,6
DA:147,6
DA:165,6
DA:173,6
DA:175,6
DA:176,1
DA:177,1
DA:182,1
DA:183,1
DA:184,1
DA:187,5
DA:200,2
DA:210,1
DA:219,1
DA:242,1
DA:252,1
DA:269,3
DA:270,3
DA:271,2
DA:274,2
DA:280,1
DA:285,1
DA:287,0
DA:295,2
DA:297,2
DA:298,1
DA:301,1
DA:312,3
DA:319,3
DA:326,2
DA:333,1
LF:36
LH:34
BRDA:140,0,0,0
BRDA:140,0,1,6
BRDA:163,1,0,6
BRDA:175,2,0,1
BRDA:175,2,1,5
BRDA:178,3,0,1
BRDA:178,3,1,0
BRDA:178,3,2,0
BRDA:244,4,0,1
BRDA:244,4,1,0
BRDA:269,5,0,3
BRDA:269,5,1,2
BRDA:270,6,0,2
BRDA:270,6,1,1
BRDA:297,7,0,1
BRDA:297,7,1,1
BRDA:297,8,0,2
BRDA:297,8,1,1
BRDA:297,8,2,1
BRF:19
BRH:15
end_of_record
